Spark Command: /usr/lib/jvm/java-8-oracle/bin/java -cp /opt/spark/conf/:/opt/spark/jars/* -Xmx1g org.apache.spark.deploy.master.Master --host dvd --port 7077 --webui-port 8080
========================================
Using Spark's default log4j profile: org/apache/spark/log4j-defaults.properties
19/12/12 11:42:58 INFO Master: Started daemon with process name: 10971@dvd
19/12/12 11:42:58 INFO SignalUtils: Registered signal handler for TERM
19/12/12 11:42:58 INFO SignalUtils: Registered signal handler for HUP
19/12/12 11:42:58 INFO SignalUtils: Registered signal handler for INT
19/12/12 11:42:59 WARN NativeCodeLoader: Unable to load native-hadoop library for your platform... using builtin-java classes where applicable
19/12/12 11:43:00 INFO SecurityManager: Changing view acls to: ahmed
19/12/12 11:43:00 INFO SecurityManager: Changing modify acls to: ahmed
19/12/12 11:43:00 INFO SecurityManager: Changing view acls groups to: 
19/12/12 11:43:00 INFO SecurityManager: Changing modify acls groups to: 
19/12/12 11:43:00 INFO SecurityManager: SecurityManager: authentication disabled; ui acls disabled; users  with view permissions: Set(ahmed); groups with view permissions: Set(); users  with modify permissions: Set(ahmed); groups with modify permissions: Set()
19/12/12 11:43:00 INFO Utils: Successfully started service 'sparkMaster' on port 7077.
19/12/12 11:43:00 INFO Master: Starting Spark master at spark://dvd:7077
19/12/12 11:43:00 INFO Master: Running Spark version 2.4.4
19/12/12 11:43:00 INFO Utils: Successfully started service 'MasterUI' on port 8080.
19/12/12 11:43:00 INFO MasterWebUI: Bound MasterWebUI to 0.0.0.0, and started at http://dvd:8080
19/12/12 11:43:00 INFO Master: I have been elected leader! New state: ALIVE
19/12/12 11:45:02 ERROR Master: RECEIVED SIGNAL TERM
